c:\users\erv50\source\repos\practica_3\practica_3\debug\vc142.pdb
c:\users\erv50\source\repos\practica_3\practica_3\debug\vc142.idb
c:\users\erv50\source\repos\practica_3\practica_3\debug\ticket.obj
c:\users\erv50\source\repos\practica_3\practica_3\debug\request_ticket.obj
c:\users\erv50\source\repos\practica_3\practica_3\debug\request_replenisher.obj
c:\users\erv50\source\repos\practica_3\practica_3\debug\request_supply.obj
c:\users\erv50\source\repos\practica_3\practica_3\debug\request_payment.obj
c:\users\erv50\source\repos\practica_3\practica_3\debug\client.obj
c:\users\erv50\source\repos\practica_3\practica_3\debug\booth.obj
c:\users\erv50\source\repos\practica_3\practica_3\debug\foodstand.obj
c:\users\erv50\source\repos\practica_3\practica_3\debug\payment_system.obj
c:\users\erv50\source\repos\practica_3\practica_3\debug\ticketstand.obj
c:\users\erv50\source\repos\practica_3\practica_3\debug\request_food.obj
c:\users\erv50\source\repos\practica_3\practica_3\debug\replenisher.obj
c:\users\erv50\source\repos\practica_3\practica_3\debug\cinema_system.obj
c:\users\erv50\source\repos\practica_3\debug\practica_3.exe
c:\users\erv50\source\repos\practica_3\debug\practica_3.ilk
c:\users\erv50\source\repos\practica_3\debug\practica_3.pdb
c:\users\erv50\source\repos\practica_3\practica_3\debug\ticketstand.new.obj.enc
c:\users\erv50\source\repos\practica_3\practica_3\debug\practica_3.tlog\cl.command.1.tlog
c:\users\erv50\source\repos\practica_3\practica_3\debug\practica_3.tlog\cl.read.1.tlog
c:\users\erv50\source\repos\practica_3\practica_3\debug\practica_3.tlog\cl.write.1.tlog
c:\users\erv50\source\repos\practica_3\practica_3\debug\practica_3.tlog\link.command.1.tlog
c:\users\erv50\source\repos\practica_3\practica_3\debug\practica_3.tlog\link.read.1.tlog
c:\users\erv50\source\repos\practica_3\practica_3\debug\practica_3.tlog\link.write.1.tlog
